<?xml version="1.0" encoding="UTF-8"?>
<!-- Generated by org.testng.reporters.JUnitXMLReporter -->
<testsuite hostname="HDU82504" name="Default test" tests="1" failures="0" timestamp="6 Dec 2021 14:35:58 GMT" time="7.353" errors="0">
  <testcase name="@BeforeMethod setUp" time="0.0" classname="exemplos._004CompraBoletoBancarioVeja">
    <failure type="org.openqa.selenium.SessionNotCreatedException" message="session not created
from disconnected: received Inspector.detached event
  (Session info: chrome=96.0.4664.45)
Build info: version: &amp;apos;unknown&amp;apos;, revision: &amp;apos;unknown&amp;apos;, time: &amp;apos;unknown&amp;apos;
System info: host: &amp;apos;HDU82504&amp;apos;, ip: &amp;apos;10.117.16.34&amp;apos;, os.name: &amp;apos;Windows 7&amp;apos;, os.arch: &amp;apos;amd64&amp;apos;, os.version: &amp;apos;6.1&amp;apos;, java.version: &amp;apos;1.8.0_251&amp;apos;
Driver info: driver.version: ChromeDriver
remote stacktrace: Backtrace:
	Ordinal0 [0x00C30C43+2493507]
	Ordinal0 [0x00BCA4B1+2073777]
	Ordinal0 [0x00AD2608+1058312]
	Ordinal0 [0x00AC5A34+1006132]
	Ordinal0 [0x00AC5676+1005174]
	Ordinal0 [0x00AC4D48+1002824]
	Ordinal0 [0x00AC3EDD+999133]
	Ordinal0 [0x00AC4196+999830]
	Ordinal0 [0x00AC3A85+998021]
	Ordinal0 [0x00ACE714+1042196]
	Ordinal0 [0x00AC3A41+997953]
	Ordinal0 [0x00AC4966+1001830]
	Ordinal0 [0x00AC3EDD+999133]
	Ordinal0 [0x00AC4196+999830]
	Ordinal0 [0x00AC3A85+998021]
	Ordinal0 [0x00ACC733+1034035]
	Ordinal0 [0x00AC3A41+997953]
	Ordinal0 [0x00AC4966+1001830]
	Ordinal0 [0x00AC3EDD+999133]
	Ordinal0 [0x00AC4196+999830]
	Ordinal0 [0x00AC3A85+998021]
	Ordinal0 [0x00ACA579+1025401]
	Ordinal0 [0x00AC3A41+997953]
	Ordinal0 [0x00AC4966+1001830]
	Ordinal0 [0x00AC3EDD+999133]
	Ordinal0 [0x00AC4196+999830]
	Ordinal0 [0x00AC3A85+998021]
	Ordinal0 [0x00AC98FC+1022204]
	Ordinal0 [0x00AC3A41+997953]
	Ordinal0 [0x00AC4966+1001830]
	Ordinal0 [0x00AC3EDD+999133]
	Ordinal0 [0x00AC4196+999830]
	Ordinal0 [0x00AC3A85+998021]
	Ordinal0 [0x00ABF72D+980781]
	Ordinal0 [0x00AC3A41+997953]
	Ordinal0 [0x00AC37E0+997344]
	Ordinal0 [0x00AC3589+996745]
	Ordinal0 [0x00AD3820+1062944]
	Ordinal0 [0x00B1AED9+1355481]
	Ordinal0 [0x00B19B7A+1350522]
	Ordinal0 [0x00B1580B+1333259]
	Ordinal0 [0x00AF2314+1188628]
	Ordinal0 [0x00AF316F+1192303]
	GetHandleVerifier [0x00DB7BF6+1548950]
	GetHandleVerifier [0x00E6461C+2256060]
	GetHandleVerifier [0x00CBC13B+518107]
	GetHandleVerifier [0x00CBB1E0+514176]
	Ordinal0 [0x00BCF53D+2094397]
	Ordinal0 [0x00BD3418+2110488]
	Ordinal0 [0x00BD3552+2110802]
	Ordinal0 [0x00BDCE81+2150017]
	BaseThreadInitThunk [0x7563343D+18]
	RtlInitializeExceptionChain [0x77B49812+99]
	RtlInitializeExceptionChain [0x77B497E5+54]
">
      <![CDATA[org.openqa.selenium.SessionNotCreatedException: session not created
from disconnected: received Inspector.detached event
  (Session info: chrome=96.0.4664.45)
Build info: version: 'unknown', revision: 'unknown', time: 'unknown'
System info: host: 'HDU82504', ip: '10.117.16.34', os.name: 'Windows 7', os.arch: 'amd64', os.version: '6.1', java.version: '1.8.0_251'
Driver info: driver.version: ChromeDriver
remote stacktrace: Backtrace:
	Ordinal0 [0x00C30C43+2493507]
	Ordinal0 [0x00BCA4B1+2073777]
	Ordinal0 [0x00AD2608+1058312]
	Ordinal0 [0x00AC5A34+1006132]
	Ordinal0 [0x00AC5676+1005174]
	Ordinal0 [0x00AC4D48+1002824]
	Ordinal0 [0x00AC3EDD+999133]
	Ordinal0 [0x00AC4196+999830]
	Ordinal0 [0x00AC3A85+998021]
	Ordinal0 [0x00ACE714+1042196]
	Ordinal0 [0x00AC3A41+997953]
	Ordinal0 [0x00AC4966+1001830]
	Ordinal0 [0x00AC3EDD+999133]
	Ordinal0 [0x00AC4196+999830]
	Ordinal0 [0x00AC3A85+998021]
	Ordinal0 [0x00ACC733+1034035]
	Ordinal0 [0x00AC3A41+997953]
	Ordinal0 [0x00AC4966+1001830]
	Ordinal0 [0x00AC3EDD+999133]
	Ordinal0 [0x00AC4196+999830]
	Ordinal0 [0x00AC3A85+998021]
	Ordinal0 [0x00ACA579+1025401]
	Ordinal0 [0x00AC3A41+997953]
	Ordinal0 [0x00AC4966+1001830]
	Ordinal0 [0x00AC3EDD+999133]
	Ordinal0 [0x00AC4196+999830]
	Ordinal0 [0x00AC3A85+998021]
	Ordinal0 [0x00AC98FC+1022204]
	Ordinal0 [0x00AC3A41+997953]
	Ordinal0 [0x00AC4966+1001830]
	Ordinal0 [0x00AC3EDD+999133]
	Ordinal0 [0x00AC4196+999830]
	Ordinal0 [0x00AC3A85+998021]
	Ordinal0 [0x00ABF72D+980781]
	Ordinal0 [0x00AC3A41+997953]
	Ordinal0 [0x00AC37E0+997344]
	Ordinal0 [0x00AC3589+996745]
	Ordinal0 [0x00AD3820+1062944]
	Ordinal0 [0x00B1AED9+1355481]
	Ordinal0 [0x00B19B7A+1350522]
	Ordinal0 [0x00B1580B+1333259]
	Ordinal0 [0x00AF2314+1188628]
	Ordinal0 [0x00AF316F+1192303]
	GetHandleVerifier [0x00DB7BF6+1548950]
	GetHandleVerifier [0x00E6461C+2256060]
	GetHandleVerifier [0x00CBC13B+518107]
	GetHandleVerifier [0x00CBB1E0+514176]
	Ordinal0 [0x00BCF53D+2094397]
	Ordinal0 [0x00BD3418+2110488]
	Ordinal0 [0x00BD3552+2110802]
	Ordinal0 [0x00BDCE81+2150017]
	BaseThreadInitThunk [0x7563343D+18]
	RtlInitializeExceptionChain [0x77B49812+99]
	RtlInitializeExceptionChain [0x77B497E5+54]

	at sun.reflect.NativeConstructorAccessorImpl.newInstance0(Native Method)
	at sun.reflect.NativeConstructorAccessorImpl.newInstance(Unknown Source)
	at sun.reflect.DelegatingConstructorAccessorImpl.newInstance(Unknown Source)
	at java.lang.reflect.Constructor.newInstance(Unknown Source)
	at org.openqa.selenium.remote.W3CHandshakeResponse.lambda$new$0(W3CHandshakeResponse.java:57)
	at org.openqa.selenium.remote.W3CHandshakeResponse.lambda$getResponseFunction$2(W3CHandshakeResponse.java:104)
	at org.openqa.selenium.remote.ProtocolHandshake.lambda$createSession$22(ProtocolHandshake.java:365)
	at java.util.stream.ReferencePipeline$3$1.accept(Unknown Source)
	at java.util.Spliterators$ArraySpliterator.tryAdvance(Unknown Source)
	at java.util.stream.ReferencePipeline.forEachWithCancel(Unknown Source)
	at java.util.stream.AbstractPipeline.copyIntoWithCancel(Unknown Source)
	at java.util.stream.AbstractPipeline.copyInto(Unknown Source)
	at java.util.stream.AbstractPipeline.wrapAndCopyInto(Unknown Source)
	at java.util.stream.FindOps$FindOp.evaluateSequential(Unknown Source)
	at java.util.stream.AbstractPipeline.evaluate(Unknown Source)
	at java.util.stream.ReferencePipeline.findFirst(Unknown Source)
	at org.openqa.selenium.remote.ProtocolHandshake.createSession(ProtocolHandshake.java:368)
	at org.openqa.selenium.remote.ProtocolHandshake.createSession(ProtocolHandshake.java:159)
	at org.openqa.selenium.remote.HttpCommandExecutor.execute(HttpCommandExecutor.java:142)
	at org.openqa.selenium.remote.service.DriverCommandExecutor.execute(DriverCommandExecutor.java:82)
	at org.openqa.selenium.remote.RemoteWebDriver.execute(RemoteWebDriver.java:637)
	at org.openqa.selenium.remote.RemoteWebDriver.startSession(RemoteWebDriver.java:250)
	at org.openqa.selenium.remote.RemoteWebDriver.startSession(RemoteWebDriver.java:236)
	at org.openqa.selenium.remote.RemoteWebDriver.<init>(RemoteWebDriver.java:137)
	at org.openqa.selenium.chrome.ChromeDriver.<init>(ChromeDriver.java:184)
	at org.openqa.selenium.chrome.ChromeDriver.<init>(ChromeDriver.java:171)
	at org.openqa.selenium.chrome.ChromeDriver.<init>(ChromeDriver.java:124)
	at ftor_testng.Browser.executarComChrome70(Browser.java:107)
	at ftor_testng.TestUtils.setUp(TestUtils.java:109)
	at sun.reflect.NativeMethodAccessorImpl.invoke0(Native Method)
	at sun.reflect.NativeMethodAccessorImpl.invoke(Unknown Source)
	at sun.reflect.DelegatingMethodAccessorImpl.invoke(Unknown Source)
	at java.lang.reflect.Method.invoke(Unknown Source)
	at org.testng.internal.MethodInvocationHelper.invokeMethod(MethodInvocationHelper.java:86)
	at org.testng.internal.Invoker.invokeConfigurationMethod(Invoker.java:514)
	at org.testng.internal.Invoker.invokeConfigurations(Invoker.java:215)
	at org.testng.internal.Invoker.invokeMethod(Invoker.java:589)
	at org.testng.internal.Invoker.invokeTestMethod(Invoker.java:822)
	at org.testng.internal.Invoker.invokeTestMethods(Invoker.java:1130)
	at org.testng.internal.TestMethodWorker.invokeTestMethods(TestMethodWorker.java:129)
	at org.testng.internal.TestMethodWorker.run(TestMethodWorker.java:112)
	at org.testng.TestRunner.privateRun(TestRunner.java:782)
	at org.testng.TestRunner.run(TestRunner.java:632)
	at org.testng.SuiteRunner.runTest(SuiteRunner.java:366)
	at org.testng.SuiteRunner.runSequentially(SuiteRunner.java:361)
	at org.testng.SuiteRunner.privateRun(SuiteRunner.java:319)
	at org.testng.SuiteRunner.run(SuiteRunner.java:268)
	at org.testng.SuiteRunnerWorker.runSuite(SuiteRunnerWorker.java:52)
	at org.testng.SuiteRunnerWorker.run(SuiteRunnerWorker.java:86)
	at org.testng.TestNG.runSuitesSequentially(TestNG.java:1244)
	at org.testng.TestNG.runSuitesLocally(TestNG.java:1169)
	at org.testng.TestNG.run(TestNG.java:1064)
	at org.testng.remote.RemoteTestNG.run(RemoteTestNG.java:113)
	at org.testng.remote.RemoteTestNG.initAndRun(RemoteTestNG.java:206)
	at org.testng.remote.RemoteTestNG.main(RemoteTestNG.java:177)
]]>
    </failure>
  </testcase> <!-- @BeforeMethod setUp -->
  <testcase name="@AfterMethod tearDown" time="0.0" classname="exemplos._004CompraBoletoBancarioVeja">
    <skipped/>
  </testcase> <!-- @AfterMethod tearDown -->
  <testcase name="testar004" time="0.002" classname="exemplos._004CompraBoletoBancarioVeja">
    <skipped/>
  </testcase> <!-- testar004 -->
</testsuite> <!-- Default test -->
